"../../../../MeNIsaac/RogueLikeFinal/Content/FirstPerson/Character/Mesh/SK_Mannequin_Arms_PhysicsAsset.uasset" 0
"../../../Engine/Content/Functions/MaterialLayerFunctions/MatLayerBlend_Simple.uasset" 1
"../../../Engine/Content/Functions/Engine_MaterialFunctions02/Utility/BlendAngleCorrectedNormals.uasset" 2
"../../../Engine/Content/Functions/MaterialLayerFunctions/MatLayerBlend_NormalBlend.uasset" 3
"../../../../MeNIsaac/RogueLikeFinal/Content/FirstPerson/Character/Textures/UE4_Mannequin_MAT_MASKA.uasset" 4
"../../../../MeNIsaac/RogueLikeFinal/Content/FirstPerson/Character/Textures/UE4_Mannequin__normals.uasset" 5
"../../../../MeNIsaac/RogueLikeFinal/Content/FirstPerson/Character/Materials/MaterialLayers/T_ML_Aluminum01_N.uasset" 6
"../../../../MeNIsaac/RogueLikeFinal/Content/FirstPerson/Character/Materials/MaterialLayers/T_ML_Aluminum01.uasset" 7
"../../../../MeNIsaac/RogueLikeFinal/Content/FirstPerson/Character/Materials/MaterialLayers/ML_SoftMetal_UE4.uasset" 8
"../../../../MeNIsaac/RogueLikeFinal/Content/FirstPerson/Character/Textures/UE4_LOGO_CARD.uasset" 9
"../../../../MeNIsaac/RogueLikeFinal/Content/FirstPerson/Character/Materials/MaterialLayers/ML_Plastic_Shiny_Beige_LOGO.uasset" 10
"../../../../MeNIsaac/RogueLikeFinal/Content/FirstPerson/Character/Materials/MaterialLayers/ML_Plastic_Shiny_Beige.uasset" 11
"../../../../MeNIsaac/RogueLikeFinal/Content/FirstPerson/Character/Materials/MaterialLayers/T_ML_Rubber_Blue_01_N.uasset" 12
"../../../../MeNIsaac/RogueLikeFinal/Content/FirstPerson/Character/Materials/MaterialLayers/T_ML_Rubber_Blue_01_D.uasset" 13
"../../../../MeNIsaac/RogueLikeFinal/Content/FirstPerson/Character/Materials/MaterialLayers/ML_GlossyBlack_Latex_UE4.uasset" 14
"../../../../MeNIsaac/RogueLikeFinal/Content/FirstPerson/Character/Materials/M_UE4Man_Body.uasset" 15
"../../../../MeNIsaac/RogueLikeFinal/Content/FirstPerson/Character/Mesh/SK_Mannequin_Arms_Skeleton.uasset" 16
"../../../../MeNIsaac/RogueLikeFinal/Content/FirstPerson/Character/Mesh/SK_Mannequin_Arms.uasset" 17
"../../../../MeNIsaac/RogueLikeFinal/Content/FirstPerson/Textures/FirstPersonCrosshair.uasset" 18
"../../../../MeNIsaac/RogueLikeFinal/Content/FirstPersonBP/Blueprints/FirstPersonHUD.uasset" 19
"../../../../MeNIsaac/RogueLikeFinal/Content/Audio/FootSteps/Wood_footstep_9.uasset" 20
"../../../../MeNIsaac/RogueLikeFinal/Content/Audio/FootSteps/Wood_footstep_8.uasset" 21
"../../../../MeNIsaac/RogueLikeFinal/Content/Audio/FootSteps/Wood_footstep_7.uasset" 22
"../../../../MeNIsaac/RogueLikeFinal/Content/Audio/FootSteps/Wood_footstep_6.uasset" 23
"../../../../MeNIsaac/RogueLikeFinal/Content/Audio/FootSteps/Wood_footstep_5.uasset" 24
"../../../../MeNIsaac/RogueLikeFinal/Content/Audio/FootSteps/Wood_footstep_4.uasset" 25
"../../../../MeNIsaac/RogueLikeFinal/Content/Audio/FootSteps/Wood_footstep_3.uasset" 26
"../../../../MeNIsaac/RogueLikeFinal/Content/Audio/FootSteps/Wood_footstep_2.uasset" 27
"../../../../MeNIsaac/RogueLikeFinal/Content/Audio/FootSteps/Wood_footstep_10.uasset" 28
"../../../../MeNIsaac/RogueLikeFinal/Content/Audio/FootSteps/Wood_footstep_1.uasset" 29
"../../../../MeNIsaac/RogueLikeFinal/Content/Audio/FootSteps/ShoeSqueak4.uasset" 30
"../../../../MeNIsaac/RogueLikeFinal/Content/Audio/FootSteps/ShoeSqueak3.uasset" 31
"../../../../MeNIsaac/RogueLikeFinal/Content/Audio/FootSteps/ShoeSqueak2.uasset" 32
"../../../../MeNIsaac/RogueLikeFinal/Content/Audio/FootSteps/ShoeSqueak.uasset" 33
"../../../../MeNIsaac/RogueLikeFinal/Content/Audio/NewSoundAttenuation.uasset" 34
"../../../../MeNIsaac/RogueLikeFinal/Content/Audio/FootSteps/FootstepQueue.uasset" 35
"../../../../MeNIsaac/RogueLikeFinal/Content/testModels/test_arms_Skeleton.uasset" 36
"../../../../MeNIsaac/RogueLikeFinal/Content/testModels/new_arms.uasset" 37
"../../../../MeNIsaac/RogueLikeFinal/Content/FirstPersonBP/Blueprints/Widgets/HealthBar.uasset" 38
"../../../../MeNIsaac/RogueLikeFinal/Content/testModels/damage_taken_texture.uasset" 39
"../../../../MeNIsaac/RogueLikeFinal/Content/FirstPersonBP/Blueprints/Widgets/Damage.uasset" 40
"../../../../MeNIsaac/RogueLikeFinal/Content/FirstPersonBP/Blueprints/Widgets/UIImages/revolver_icon.uasset" 41
"../../../../MeNIsaac/RogueLikeFinal/Content/FirstPersonBP/Blueprints/Widgets/UIImages/ak_icon.uasset" 42
"../../../../MeNIsaac/RogueLikeFinal/Content/FirstPersonBP/Blueprints/Widgets/AmmoCounter.uasset" 43
"../../../../MeNIsaac/RogueLikeFinal/Content/FirstPersonBP/Blueprints/Weapons/WeaponTypes.uasset" 44
"../../Plugins/FX/Niagara/Content/Enums/ENiagaraSystemInactiveMode.uasset" 45
"../../Plugins/FX/Niagara/Content/Enums/ENiagaraSUbUVAnimationMode.uasset" 46
"../../Plugins/FX/Niagara/Content/Enums/ENiagaraRandomnessMode.uasset" 47
"../../Plugins/FX/Niagara/Content/Enums/ENiagaraInactiveMode.uasset" 48
"../../Plugins/FX/Niagara/Content/Enums/ENiagaraExecutionStateManagement.uasset" 49
"../../Plugins/FX/Niagara/Content/Enums/ENiagaraEmitterScalabilityMode_Limited.uasset" 50
"../../Plugins/FX/Niagara/Content/Enums/ENiagaraEmitterLifeCycleMode.uasset" 51
"../../Plugins/FX/Niagara/Content/Enums/ENiagaraCoordinateSpace.uasset" 52
"../../Plugins/FX/Niagara/Content/Enums/ENiagara_InfiniteLoopDuration.uasset" 53
"../../Plugins/FX/Niagara/Content/Enums/ENiagara_EmitterStateOptions.uasset" 54
"../../Plugins/FX/Niagara/Content/Enums/ENiagara_CameraProperties.uasset" 55
"../../Plugins/FX/Niagara/Content/Functions/GetRandomInfo.uasset" 56
"../../Plugins/FX/Niagara/Content/Functions/RandomRangeFloat.uasset" 57
"../../Plugins/FX/Niagara/Content/Modules/Update/SubUV/SubUVAnimation.uasset" 58
"../../Plugins/FX/Niagara/Content/Modules/Update/Size/ScaleSpriteSize.uasset" 59
"../../Plugins/FX/Niagara/Content/Modules/Update/Material/DynamicMaterialParameters.uasset" 60
"../../Plugins/FX/Niagara/Content/Modules/Update/Lifetime/ParticleState.uasset" 61
"../../Plugins/FX/Niagara/Content/Modules/Update/Forces/Drag.uasset" 62
"../../Plugins/FX/Niagara/Content/Modules/Update/Color/Color.uasset" 63
"../../Plugins/FX/Niagara/Content/Functions/System/SystemChangeState.uasset" 64
"../../Plugins/FX/Niagara/Content/Modules/System/SystemState.uasset" 65
"../../Plugins/FX/Niagara/Content/Functions/Localspace/TransformBase.uasset" 66
"../../Plugins/FX/Niagara/Content/Functions/Localspace/TransformVector.uasset" 67
"../../Plugins/FX/Niagara/Content/Modules/Spawn/Velocity/AddVelocity.uasset" 68
"../../Plugins/FX/Niagara/Content/Functions/Localspace/SimulationPosition.uasset" 69
"../../Plugins/FX/Niagara/Content/Modules/Spawn/Initialization/InitializeParticle.uasset" 70
"../../Plugins/FX/Niagara/Content/Enums/ENiagaraRandomnessEvaluation.uasset" 71
"../../Plugins/FX/Niagara/Content/Functions/V2/CalculateRandomRangeFloat.uasset" 72
"../../Plugins/FX/Niagara/Content/Modules/Emitter/SpawnBurst_Instantaneous.uasset" 73
"../../Plugins/FX/Niagara/Content/Functions/Emitter/EmitterChangeState.uasset" 74
"../../Plugins/FX/Niagara/Content/Modules/Emitter/EmitterState.uasset" 75
"../../Plugins/FX/Niagara/Content/Functions/Localspace/TransformPosition.uasset" 76
"../../Plugins/FX/Niagara/Content/Functions/DirectionAndLengthSafe.uasset" 77
"../../Plugins/FX/Niagara/Content/DynamicInputs/Vectors/ReturnCameraProperty.uasset" 78
"../../Plugins/FX/Niagara/Content/DynamicInputs/ValueFromCurve/FloatFromCurve.uasset" 79
"../../Plugins/FX/Niagara/Content/DynamicInputs/UniformRange/UniformRangedVector.uasset" 80
"../../Plugins/FX/Niagara/Content/DynamicInputs/UniformRange/UniformRangedFloat.uasset" 81
"../../Plugins/FX/Niagara/Content/DynamicInputs/TypeConversions/Vector2DFromFloat.uasset" 82
"../../Plugins/FX/Niagara/Content/DynamicInputs/TypeConversions/MakeVectorFromLinearColorRGB.uasset" 83
"../../Plugins/FX/Niagara/Content/DynamicInputs/Multiply/Multiply_VectorByFloat.uasset" 84
"../../Plugins/FX/Niagara/Content/DynamicInputs/Multiply/Multiply_Float.uasset" 85
"../../Plugins/FX/Niagara/Content/DynamicInputs/LinearColor/MakeLinearColorFromVectorAndFloat.uasset" 86
"../../Plugins/FX/Niagara/Content/Modules/Solvers/SolveForcesAndVelocity.uasset" 87
"../../Plugins/FX/Niagara/Content/DefaultAssets/DefaultSpriteMaterial.uasset" 88
"../../../../MeNIsaac/RogueLikeFinal/Content/Gun_VFX/Niagara_FX/Muzzle_Flashes/NE_muzzle_flashes_mitter.uasset" 89
"../../../../MeNIsaac/RogueLikeFinal/Content/Gun_VFX/Niagara_FX/Muzzle_Flashes/NET_MuzzleEffectType.uasset" 90
"../../../../MeNIsaac/RogueLikeFinal/Content/Gun_VFX/Texture/T_Spark.uasset" 91
"../../../../MeNIsaac/RogueLikeFinal/Content/Gun_VFX/Texture/T_fire.uasset" 92
"../../../Engine/Content/Functions/Engine_MaterialFunctions01/Opacity/CameraDepthFade.uasset" 93
"../../../../MeNIsaac/RogueLikeFinal/Content/Gun_VFX/Material/M_master_Fire_Gun.uasset" 94
"../../../../MeNIsaac/RogueLikeFinal/Content/Gun_VFX/Material/Inst/MI_Spark_Gun_Inst.uasset" 95
"../../../../MeNIsaac/RogueLikeFinal/Content/Gun_VFX/Texture/T_smoke.uasset" 96
"../../../../MeNIsaac/RogueLikeFinal/Content/Gun_VFX/Material/Inst/MI_Smoke_Inst.uasset" 97
"../../../../MeNIsaac/RogueLikeFinal/Content/Gun_VFX/Texture/T_fire_smoke.uasset" 98
"../../../../MeNIsaac/RogueLikeFinal/Content/Gun_VFX/Material/Inst/MI_Smoke_Fire_Gun_Inst.uasset" 99
"../../../../MeNIsaac/RogueLikeFinal/Content/Gun_VFX/Texture/T_Floor_Normal_OpenGL.uasset" 100
"../../../Engine/Content/Functions/Engine_MaterialFunctions01/Texturing/FlattenNormal.uasset" 101
"../../../Engine/Content/Functions/Engine_MaterialFunctions01/Density/ExponentialDensity.uasset" 102
"../../../Engine/Content/Functions/Engine_MaterialFunctions01/Gradient/RadialGradientExponential.uasset" 103
"../../../../MeNIsaac/RogueLikeFinal/Content/Gun_VFX/Material/M_Shockwave.uasset" 104
"../../../../MeNIsaac/RogueLikeFinal/Content/Gun_VFX/Material/Inst/MI_Shockwave_Inst.uasset" 105
"../../../../MeNIsaac/RogueLikeFinal/Content/Gun_VFX/Material/Inst/MI_Fire_Inst.uasset" 106
"../../../../MeNIsaac/RogueLikeFinal/Content/Gun_VFX/Texture/T_H_Fire.uasset" 107
"../../../../MeNIsaac/RogueLikeFinal/Content/Gun_VFX/Material/Inst/MI_Fire_Gun_Inst.uasset" 108
"../../../../MeNIsaac/RogueLikeFinal/Content/Gun_VFX/Niagara_FX/Muzzle_Flashes/NS_Shotgun_Muzzle_flashes_02.uasset" 109
"../../Plugins/FX/Niagara/Content/Enums/ENiagaraChannelCorrelation.uasset" 110
"../../Plugins/FX/Niagara/Content/Enums/ENiagara_UVFlippingMode.uasset" 111
"../../Plugins/FX/Niagara/Content/Enums/ENiagara_SizeScaleMode.uasset" 112
"../../Plugins/FX/Niagara/Content/Enums/ENiagara_PositionInitializationMode.uasset" 113
"../../Plugins/FX/Niagara/Content/Enums/ENiagara_MassInitializationMode.uasset" 114
"../../Plugins/FX/Niagara/Content/Enums/ENiagara_LifetimeMode.uasset" 115
"../../Plugins/FX/Niagara/Content/Enums/ENiagara_ColorInitializationMode.uasset" 116
"../../Plugins/FX/Niagara/Content/Functions/V2/CalculateRandomRangeInteger.uasset" 117
"../../Plugins/FX/Niagara/Content/Functions/V2/CalculateRandomBool.uasset" 118
"../../Plugins/FX/Niagara/Content/Functions/V2/CalculateRandomRange.uasset" 119
"../../Plugins/FX/Niagara/Content/Functions/LinearColor/HueShiftLinearColor.uasset" 120
"../../Plugins/FX/Niagara/Content/Enums/ENiagara_SpriteRotationMode.uasset" 121
"../../Plugins/FX/Niagara/Content/Modules/Spawn/Initialization/V2/InitializeParticle.uasset" 122
"../../Plugins/FX/Niagara/Content/Functions/Spline/FindPositionOnBezierSpline.uasset" 123
"../../Plugins/FX/Niagara/Content/Modules/Beams/UpdateBeam.uasset" 124
"../../Plugins/FX/Niagara/Content/Functions/NormalizedExecutionIndex.uasset" 125
"../../Plugins/FX/Niagara/Content/Modules/Beams/SpawnBeam.uasset" 126
"../../Plugins/FX/Niagara/Content/Modules/Beams/BeamWidth.uasset" 127
"../../Plugins/FX/Niagara/Content/DynamicInputs/Helpers/SimulationPosition.uasset" 128
"../../Plugins/FX/Niagara/Content/Modules/Beams/BeamEmitterSetup.uasset" 129
"../../../../MeNIsaac/RogueLikeFinal/Content/particles/ParticleBase.uasset" 130
"../../../../MeNIsaac/RogueLikeFinal/Content/particles/Tracer.uasset" 131
"../../../../MeNIsaac/RogueLikeFinal/Content/particles/BulletTracer.uasset" 132
"../../../../MeNIsaac/RogueLikeFinal/Content/particles/ReolverTracer.uasset" 133
"../../../../MeNIsaac/RogueLikeFinal/Content/particles/PistolTracer.uasset" 134
"../../../../MeNIsaac/RogueLikeFinal/Content/FirstPersonBP/Blueprints/Weapons/AmmoTypes.uasset" 135
"../../../../MeNIsaac/RogueLikeFinal/Content/FirstPersonBP/Blueprints/Weapons/WeaponInfo.uasset" 136
"../../../../MeNIsaac/RogueLikeFinal/Content/testModels/test_ak_Skeleton.uasset" 137
"../../../../MeNIsaac/RogueLikeFinal/Content/testModels/test_ak_PhysicsAsset.uasset" 138
"../../../../MeNIsaac/RogueLikeFinal/Content/testModels/textures/test_ak_test_ak_OcclusionRoughnessMetallic.uasset" 139
"../../../../MeNIsaac/RogueLikeFinal/Content/testModels/textures/test_ak_test_ak_Normal.uasset" 140
"../../../../MeNIsaac/RogueLikeFinal/Content/testModels/textures/test_ak_test_ak_Emissive.uasset" 141
"../../../../MeNIsaac/RogueLikeFinal/Content/testModels/textures/test_ak_test_ak_BaseColor.uasset" 142
"../../../../MeNIsaac/RogueLikeFinal/Content/testModels/test_ak1.uasset" 143
"../../../../MeNIsaac/RogueLikeFinal/Content/testModels/test_ak.uasset" 144
"../../../../MeNIsaac/RogueLikeFinal/Content/FirstPersonBP/Blueprints/Weapons/Weapons/Weapon_Base.uasset" 145
"../../../Engine/Content/Animation/DefaultAnimBoneCompressionSettings.uasset" 146
"../../../Engine/Content/Animation/DefaultAnimCurveCompressionSettings.uasset" 147
"../../../../MeNIsaac/RogueLikeFinal/Content/testModels/anims/Rifle/test_arms_Anim_arms_arms_fire_single.uasset" 148
"../../../../MeNIsaac/RogueLikeFinal/Content/testModels/anims/Rifle/test_arms_Anim_arms_arms_idle.uasset" 149
"../../../../MeNIsaac/RogueLikeFinal/Content/testModels/anims/Rifle/RifleFireSingle.uasset" 150
"../../../../MeNIsaac/RogueLikeFinal/Content/testModels/anims/Rifle/test_arms_Anim_arms_arms_fire_auto.uasset" 151
"../../../../MeNIsaac/RogueLikeFinal/Content/testModels/anims/Rifle/RifleFireAuto.uasset" 152
"../../../../MeNIsaac/RogueLikeFinal/Content/testModels/test_revolver_anim_Skeleton.uasset" 153
"../../../../MeNIsaac/RogueLikeFinal/Content/testModels/anims/Pistol/test_revolver_anim_Anim_Armature_pistol_fire.uasset" 154
"../../../../MeNIsaac/RogueLikeFinal/Content/testModels/anims/Pistol/PistolFire_pistolSkel.uasset" 155
"../../../../MeNIsaac/RogueLikeFinal/Content/testModels/anims/Pistol/test_arms_revolver_animiations_Anim_arms_arms_fire_pistol.uasset" 156
"../../../../MeNIsaac/RogueLikeFinal/Content/testModels/anims/Pistol/PistolFire.uasset" 157
"../../../../MeNIsaac/RogueLikeFinal/Content/testModels/anims/Pistol/test_arms_revolver_animiations_Anim_arms_arms_pistol_draw.uasset" 158
"../../../../MeNIsaac/RogueLikeFinal/Content/testModels/anims/Pistol/PistolDrawMontage.uasset" 159
"../../../../MeNIsaac/RogueLikeFinal/Content/FirstPersonBP/Blueprints/Weapons/CameraShakeRifle.uasset" 160
"../../../../MeNIsaac/RogueLikeFinal/Content/Audio/GunShots/Sci_Fi_Shotgun_9.uasset" 161
"../../../../MeNIsaac/RogueLikeFinal/Content/Audio/GunShots/Sci_Fi_Shotgun_8.uasset" 162
"../../../../MeNIsaac/RogueLikeFinal/Content/Audio/GunShots/Sci_Fi_Shotgun_10.uasset" 163
"../../../../MeNIsaac/RogueLikeFinal/Content/Audio/GunShots/RevolverShotCue.uasset" 164
"../../../../MeNIsaac/RogueLikeFinal/Content/Audio/GunShots/Sci_Fi_Assault_Rifle_5.uasset" 165
"../../../../MeNIsaac/RogueLikeFinal/Content/Audio/GunShots/Sci_Fi_Assault_Rifle_3.uasset" 166
"../../../../MeNIsaac/RogueLikeFinal/Content/Audio/GunShots/AR_Single_Shot.uasset" 167
"../../../../MeNIsaac/RogueLikeFinal/Content/Audio/GunShots/AR_Single_Shot_Cue.uasset" 168
"../../../../MeNIsaac/RogueLikeFinal/Content/Gun_VFX/Niagara_FX/Muzzle_Flashes/GroundImpact.uasset" 169
"../../../../MeNIsaac/RogueLikeFinal/Content/Gun_VFX/Niagara_FX/Muzzle_Flashes/BodyImpact.uasset" 170
"../../../Engine/Content/EditorBlueprintResources/StandardMacros.uasset" 171
"../../../../MeNIsaac/RogueLikeFinal/Content/FirstPersonBP/Blueprints/CharacterInterface.uasset" 172
"../../../../MeNIsaac/RogueLikeFinal/Content/FirstPersonBP/Blueprints/Weapons/MuzzleFlashLight.uasset" 173
"../../../../MeNIsaac/RogueLikeFinal/Content/particles/BulletTracer_sys.uasset" 174
"../../../../MeNIsaac/RogueLikeFinal/Content/particles/Tracer_BP.uasset" 175
"../../../../MeNIsaac/RogueLikeFinal/Content/FirstPersonBP/Blueprints/Weapons/WeaponHandling.uasset" 176
"../../../../MeNIsaac/RogueLikeFinal/Content/Materials/GrenadeEmission.uasset" 177
"../../../../MeNIsaac/RogueLikeFinal/Content/M5VFXVOL2/Demo/Textures/Grid_Tex.uasset" 178
"../../../../MeNIsaac/RogueLikeFinal/Content/M5VFXVOL2/Demo/Textures/desert.uasset" 179
"../../../Engine/Content/EngineMaterials/DefaultDiffuse.uasset" 180
"../../../Engine/Content/Functions/Engine_MaterialFunctions01/Gradient/LinearGradient.uasset" 181
"../../../Engine/Content/Functions/Engine_MaterialFunctions01/ImageAdjustment/CheapContrast.uasset" 182
"../../../Engine/Content/Functions/Engine_MaterialFunctions01/Texturing/WorldAlignedTexture.uasset" 183
"../../../../MeNIsaac/RogueLikeFinal/Content/M5VFXVOL2/Demo/Materials/BG_Grid_Mat.uasset" 184
"../../../../MeNIsaac/RogueLikeFinal/Content/M5VFXVOL2/Demo/Materials/BG_inst4.uasset" 185
"../../../../MeNIsaac/RogueLikeFinal/Content/M5VFXVOL2/Props/Meshes/debris/c_debris_01.uasset" 186
"../../../../MeNIsaac/RogueLikeFinal/Content/M5VFXVOL2/Textures/Fire/blowingFireB_fwd.uasset" 187
"../../../../MeNIsaac/RogueLikeFinal/Content/M5VFXVOL2/Textures/smoke/0_6_smoke_re_vg.uasset" 188
"../../../Engine/Content/Functions/Engine_MaterialFunctions02/SmoothStep.uasset" 189
"../../../../MeNIsaac/RogueLikeFinal/Content/M5VFXVOL2/Materials/Master/blackbody_exp_Mat.uasset" 190
"../../../../MeNIsaac/RogueLikeFinal/Content/M5VFXVOL2/Materials/Explosion/blackbody_exp_Mat_Inst4.uasset" 191
"../../../../MeNIsaac/RogueLikeFinal/Content/M5VFXVOL2/Textures/Fire/blowingFire_fwd.uasset" 192
"../../../../MeNIsaac/RogueLikeFinal/Content/M5VFXVOL2/Materials/Explosion/blackbody_exp_Mat_Inst3.uasset" 193
"../../../../MeNIsaac/RogueLikeFinal/Content/M5VFXVOL2/Textures/Fire/blowingFire_fwd2.uasset" 194
"../../../../MeNIsaac/RogueLikeFinal/Content/M5VFXVOL2/Materials/Explosion/blackbody_exp_Mat_Inst2.uasset" 195
"../../../../MeNIsaac/RogueLikeFinal/Content/M5VFXVOL2/Materials/Explosion/blackbody_exp_Mat_Inst.uasset" 196
"../../../../MeNIsaac/RogueLikeFinal/Content/M5VFXVOL2/Materials/Master/Debris_Mat.uasset" 197
"../../../../MeNIsaac/RogueLikeFinal/Content/M5VFXVOL2/Materials/Etc/debris_car.uasset" 198
"../../../../MeNIsaac/RogueLikeFinal/Content/M5VFXVOL2/Materials/Master/0_DotCircle_Mat.uasset" 199
"../../../../MeNIsaac/RogueLikeFinal/Content/M5VFXVOL2/Materials/Etc/0_DotCircle_Mat_Inst.uasset" 200
"../../../../MeNIsaac/RogueLikeFinal/Content/M5VFXVOL2/Particles/Explosion/Fire_Exp_00.uasset" 201
"../../../../MeNIsaac/RogueLikeFinal/Content/Gun_VFX/Niagara_FX/Muzzle_Flashes/GrenadeExplosion.uasset" 202
"../../../../MeNIsaac/RogueLikeFinal/Content/Audio/Grenade/Explosion_Grenade_04.uasset" 203
"../../../../MeNIsaac/RogueLikeFinal/Content/Audio/Grenade/Grenade.uasset" 204
"../../../../MeNIsaac/RogueLikeFinal/Content/FirstPersonBP/Blueprints/Weapons/Grenades/ExplosionBase.uasset" 205
"../../../Engine/Content/EngineMaterials/T_Default_Material_Grid_N.uasset" 206
"../../../Engine/Content/EngineMaterials/T_Default_Material_Grid_M.uasset" 207
"../../../Engine/Content/EngineMaterials/DefaultMaterial.uasset" 208
"../../../Engine/Content/BasicShapes/Sphere.uasset" 209
"../../../../MeNIsaac/RogueLikeFinal/Content/FirstPersonBP/Blueprints/Weapons/Grenades/Grenade.uasset" 210
"../../../../MeNIsaac/RogueLikeFinal/Content/FirstPersonBP/Blueprints/Movement/ParkourMovementComponent.uasset" 211
"../../../../MeNIsaac/RogueLikeFinal/Content/GrappleHook/Assets/zapsplat_impact_metal_object_drop_heavy_smash_into_ground_debris_stones_004_43958.uasset" 212
"../../../../MeNIsaac/RogueLikeFinal/Content/GrappleHook/Assets/zapsplat_foley_rope_swing_fast_lasso_002.uasset" 213
"../../../../MeNIsaac/RogueLikeFinal/Content/GrappleHook/Assets/zapsplat_foley_garment_bad_main_zipper_zip_long_001_45288.uasset" 214
"../../../../MeNIsaac/RogueLikeFinal/Content/FirstPerson/Meshes/BaseMaterial.uasset" 215
"../../../../MeNIsaac/RogueLikeFinal/Content/GrappleHook/Assets/GrappleHookProjectileMaterial.uasset" 216
"../../../../MeNIsaac/RogueLikeFinal/Content/GrappleHook/Assets/retracted.uasset" 217
"../../../../MeNIsaac/RogueLikeFinal/Content/GrappleHook/Assets/expanded.uasset" 218
"../../../../MeNIsaac/RogueLikeFinal/Content/FirstPerson/Meshes/Emmissive.uasset" 219
"../../../../MeNIsaac/RogueLikeFinal/Content/GrappleHook/GrappleProjectile.uasset" 220
"../../../../MeNIsaac/RogueLikeFinal/Content/GrappleHook/GrappleCable.uasset" 221
"../../../../MeNIsaac/RogueLikeFinal/Content/FirstPersonBP/Blueprints/Movement/GrappleComponent.uasset" 222
"../../../../MeNIsaac/RogueLikeFinal/Content/FirstPersonBP/Blueprints/Interaction/InterationHandler.uasset" 223
"../../../../MeNIsaac/RogueLikeFinal/Content/testModels/anims/Rifle/test_arms_Anim_arms_arms_walk.uasset" 224
"../../../../MeNIsaac/RogueLikeFinal/Content/testModels/anims/Rifle/test_arms_Anim_arms_arms_sprint_start.uasset" 225
"../../../../MeNIsaac/RogueLikeFinal/Content/testModels/anims/Rifle/test_arms_Anim_arms_arms_sprint.uasset" 226
"../../../../MeNIsaac/RogueLikeFinal/Content/testModels/anims/Rifle/test_arms_Anim_arms_arms_jump_start.uasset" 227
"../../../../MeNIsaac/RogueLikeFinal/Content/testModels/anims/Rifle/test_arms_Anim_arms_arms_jump_loop.uasset" 228
"../../../../MeNIsaac/RogueLikeFinal/Content/testModels/anims/Pistol/test_arms_revolver_animiations_Anim_arms_arms_walk_pistol.uasset" 229
"../../../../MeNIsaac/RogueLikeFinal/Content/testModels/anims/Pistol/test_arms_revolver_animiations_Anim_arms_arms_start_loop_pistol.uasset" 230
"../../../../MeNIsaac/RogueLikeFinal/Content/testModels/anims/Pistol/test_arms_revolver_animiations_Anim_arms_arms_sprint_loop_pistol.uasset" 231
"../../../../MeNIsaac/RogueLikeFinal/Content/testModels/anims/Pistol/test_arms_revolver_animiations_Anim_arms_arms_pistol_pose.uasset" 232
"../../../../MeNIsaac/RogueLikeFinal/Content/testModels/anims/Pistol/test_arms_revolver_animiations_Anim_arms_arms_idle_pistol.uasset" 233
"../../../../MeNIsaac/RogueLikeFinal/Content/testModels/test_arms_Skeleton_AnimBlueprint.uasset" 234
"../../../../MeNIsaac/RogueLikeFinal/Content/FirstPerson/Animations/FirstPerson_Run.uasset" 235
"../../../../MeNIsaac/RogueLikeFinal/Content/FirstPerson/Animations/FirstPerson_JumpStart.uasset" 236
"../../../../MeNIsaac/RogueLikeFinal/Content/FirstPerson/Animations/FirstPerson_JumpLoop.uasset" 237
"../../../../MeNIsaac/RogueLikeFinal/Content/FirstPerson/Animations/FirstPerson_JumpEnd.uasset" 238
"../../../../MeNIsaac/RogueLikeFinal/Content/FirstPerson/Animations/FirstPerson_Idle.uasset" 239
"../../../../MeNIsaac/RogueLikeFinal/Content/FirstPerson/Animations/FirstPerson_AnimBP.uasset" 240
"../../../../MeNIsaac/RogueLikeFinal/Content/AI/Redditor/textures/redditor_low_Redditor_OcclusionRoughnessMetallic.uasset" 241
"../../../../MeNIsaac/RogueLikeFinal/Content/AI/Redditor/textures/redditor_low_Redditor_Normal.uasset" 242
"../../../../MeNIsaac/RogueLikeFinal/Content/AI/Redditor/textures/redditor_low_Redditor_Emissive.uasset" 243
"../../../../MeNIsaac/RogueLikeFinal/Content/AI/Redditor/textures/redditor_low_Redditor_BaseColor.uasset" 244
"../../../Engine/Content/MaterialTemplates/Textures/T_Noise01.uasset" 245
"../../../../MeNIsaac/RogueLikeFinal/Content/AI/Redditor/textures/RedditorMat.uasset" 246
"../../../../MeNIsaac/RogueLikeFinal/Content/testModels/textures/test_revolver_DefaultMaterial_OcclusionRoughnessMetallic.uasset" 247
"../../../../MeNIsaac/RogueLikeFinal/Content/testModels/textures/test_revolver_DefaultMaterial_Normal.uasset" 248
"../../../../MeNIsaac/RogueLikeFinal/Content/testModels/textures/test_revolver_DefaultMaterial_Emissive.uasset" 249
"../../../../MeNIsaac/RogueLikeFinal/Content/testModels/textures/test_revolver_DefaultMaterial_BaseColor.uasset" 250
"../../../../MeNIsaac/RogueLikeFinal/Content/testModels/test_revolver.uasset" 251
"../../../../MeNIsaac/RogueLikeFinal/Content/testModels/test_revolver_anim.uasset" 252
"../../../../MeNIsaac/RogueLikeFinal/Content/Audio/HitNoises/Glass_breaking_4.uasset" 253
"../../../../MeNIsaac/RogueLikeFinal/Content/Audio/HitNoises/AIDeath.uasset" 254
"../../../Engine/Content/EngineMaterials/WorldGridMaterial.uasset" 255
"../../../../MeNIsaac/RogueLikeFinal/Content/testModels/pickups/pistolammo.uasset" 256
"../../../../MeNIsaac/RogueLikeFinal/Content/testModels/pickups/PickupType.uasset" 257
"../../../../MeNIsaac/RogueLikeFinal/Content/testModels/pickups/AmmoPickupMaterial.uasset" 258
"../../../../MeNIsaac/RogueLikeFinal/Content/Audio/AmmoPickup/Coin_Pickup_30wav.uasset" 259
"../../../../MeNIsaac/RogueLikeFinal/Content/Audio/AmmoPickup/AmmoPickup.uasset" 260
"../../../../MeNIsaac/RogueLikeFinal/Content/testModels/pickups/PickupBase.uasset" 261
"../../../../MeNIsaac/RogueLikeFinal/Content/testModels/pickups/AmmoPistol_bp.uasset" 262
"../../../../MeNIsaac/RogueLikeFinal/Content/testModels/pickups/rifleammo.uasset" 263
"../../../../MeNIsaac/RogueLikeFinal/Content/testModels/pickups/AmmoRifle__bp.uasset" 264
"../../../../MeNIsaac/RogueLikeFinal/Content/FirstPersonBP/Blueprints/Widgets/EnemyName.uasset" 265
"../../../../MeNIsaac/RogueLikeFinal/Content/Audio/BodyImpact/Wood_Hard_4.uasset" 266
"../../../../MeNIsaac/RogueLikeFinal/Content/Audio/BodyImpact/BodyImpact_Cue.uasset" 267
"../../../Engine/Content/EngineMeshes/Humanoid.uasset" 268
"../../../../MeNIsaac/RogueLikeFinal/Content/AnimStarterPack/UE4_Mannequin/Mesh/UE4_Mannequin_Skeleton.uasset" 269
"../../../../MeNIsaac/RogueLikeFinal/Content/AI/enemy_PhysicsAsset.uasset" 270
"../../../../MeNIsaac/RogueLikeFinal/Content/AI/enemy.uasset" 271
"../../../../MeNIsaac/RogueLikeFinal/Content/Gun_VFX/Niagara_FX/Muzzle_Flashes/NS_Shotgun_Muzzle_flashes_01.uasset" 272
"../../../../MeNIsaac/RogueLikeFinal/Content/testModels/pickups/SpeedPickup.uasset" 273
"../../../../MeNIsaac/RogueLikeFinal/Content/testModels/pickups/pickupshard.uasset" 274
"../../../../MeNIsaac/RogueLikeFinal/Content/testModels/pickups/SpeedPickup_BP.uasset" 275
"../../../../MeNIsaac/RogueLikeFinal/Content/AnimStarterPack/UE4_Mannequin/Mesh/SK_Mannequin_PhysicsAsset.uasset" 276
"../../../../MeNIsaac/RogueLikeFinal/Content/AnimStarterPack/UE4_Mannequin/Textures/UE4Man_Logo_N.uasset" 277
"../../../../MeNIsaac/RogueLikeFinal/Content/AnimStarterPack/UE4_Mannequin/Textures/UE4_Mannequin_occlusion_Mobile.uasset" 278
"../../../../MeNIsaac/RogueLikeFinal/Content/AnimStarterPack/UE4_Mannequin/Textures/UE4_Mannequin_MAT_MASKA.uasset" 279
"../../../../MeNIsaac/RogueLikeFinal/Content/AnimStarterPack/UE4_Mannequin/Textures/UE4_Mannequin__normals.uasset" 280
"../../../../MeNIsaac/RogueLikeFinal/Content/AnimStarterPack/UE4_Mannequin/Materials/MaterialLayers/T_ML_Aluminum01_N.uasset" 281
"../../../../MeNIsaac/RogueLikeFinal/Content/AnimStarterPack/UE4_Mannequin/Materials/MaterialLayers/T_ML_Aluminum01.uasset" 282
"../../../../MeNIsaac/RogueLikeFinal/Content/AnimStarterPack/UE4_Mannequin/Materials/MaterialLayers/ML_SoftMetal_UE4.uasset" 283
"../../../../MeNIsaac/RogueLikeFinal/Content/AnimStarterPack/UE4_Mannequin/Textures/UE4_LOGO_CARD.uasset" 284
"../../../../MeNIsaac/RogueLikeFinal/Content/AnimStarterPack/UE4_Mannequin/Materials/MaterialLayers/ML_Plastic_Shiny_Beige_LOGO.uasset" 285
"../../../../MeNIsaac/RogueLikeFinal/Content/AnimStarterPack/UE4_Mannequin/Materials/MaterialLayers/ML_Plastic_Shiny_Beige.uasset" 286
"../../../../MeNIsaac/RogueLikeFinal/Content/AnimStarterPack/UE4_Mannequin/Materials/MaterialLayers/T_ML_Rubber_Blue_01_N.uasset" 287
"../../../../MeNIsaac/RogueLikeFinal/Content/AnimStarterPack/UE4_Mannequin/Materials/MaterialLayers/T_ML_Rubber_Blue_01_D.uasset" 288
"../../../../MeNIsaac/RogueLikeFinal/Content/AnimStarterPack/UE4_Mannequin/Materials/MaterialLayers/ML_GlossyBlack_Latex_UE4.uasset" 289
"../../../Engine/Content/Functions/MaterialLayerFunctions/MatLayerBlend_AO.uasset" 290
"../../../../MeNIsaac/RogueLikeFinal/Content/AnimStarterPack/UE4_Mannequin/Materials/M_UE4Man_Body.uasset" 291
"../../../../MeNIsaac/RogueLikeFinal/Content/AnimStarterPack/UE4_Mannequin/Materials/M_UE4Man_ChestLogo.uasset" 292
"../../../../MeNIsaac/RogueLikeFinal/Content/AnimStarterPack/UE4_Mannequin/Mesh/SK_Mannequin.uasset" 293
"../../../../MeNIsaac/RogueLikeFinal/Content/AnimStarterPack/Ue4ASP_Character.uasset" 294
"../../../../MeNIsaac/RogueLikeFinal/Content/AnimStarterPack/Jump_From_Stand.uasset" 295
"../../../../MeNIsaac/RogueLikeFinal/Content/AnimStarterPack/Jump_From_Jog.uasset" 296
"../../../../MeNIsaac/RogueLikeFinal/Content/AnimStarterPack/Idle_Rifle_Hip.uasset" 297
"../../../../MeNIsaac/RogueLikeFinal/Content/AnimStarterPack/Crouch_Idle_Rifle_Hip.uasset" 298
"../../../../MeNIsaac/RogueLikeFinal/Content/AnimStarterPack/Jog_Rt_Rifle.uasset" 299
"../../../../MeNIsaac/RogueLikeFinal/Content/AnimStarterPack/Jog_Lt_Rifle.uasset" 300
"../../../../MeNIsaac/RogueLikeFinal/Content/AnimStarterPack/Jog_Fwd_Rifle.uasset" 301
"../../../../MeNIsaac/RogueLikeFinal/Content/AnimStarterPack/Jog_Bwd_Rifle.uasset" 302
"../../../../MeNIsaac/RogueLikeFinal/Content/AnimStarterPack/BS_Jog.uasset" 303
"../../../../MeNIsaac/RogueLikeFinal/Content/AnimStarterPack/Crouch_Walk_Rt_Rifle_Hip.uasset" 304
"../../../../MeNIsaac/RogueLikeFinal/Content/AnimStarterPack/Crouch_Walk_Lt_Rifle_Hip.uasset" 305
"../../../../MeNIsaac/RogueLikeFinal/Content/AnimStarterPack/Crouch_Walk_Fwd_Rifle_Hip.uasset" 306
"../../../../MeNIsaac/RogueLikeFinal/Content/AnimStarterPack/Crouch_Walk_Bwd_Rifle_Hip.uasset" 307
"../../../../MeNIsaac/RogueLikeFinal/Content/AnimStarterPack/BS_CrouchWalk.uasset" 308
"../../../../MeNIsaac/RogueLikeFinal/Content/AnimStarterPack/UE4ASP_HeroTPP_AnimBlueprint.uasset" 309
"../../../../MeNIsaac/RogueLikeFinal/Content/AI/Tasks/FindPatrolLocation.uasset" 310
"../../../../MeNIsaac/RogueLikeFinal/Content/AI/Redditor/T-Pose_PhysicsAsset.uasset" 311
"../../../../MeNIsaac/RogueLikeFinal/Content/AI/Redditor/textures/NewSubsurfaceProfile.uasset" 312
"../../../../MeNIsaac/RogueLikeFinal/Content/AI/Redditor/textures/male_vertexcolor.uasset" 313
"../../../../MeNIsaac/RogueLikeFinal/Content/AI/Redditor/textures/male_normal.uasset" 314
"../../../../MeNIsaac/RogueLikeFinal/Content/AI/Redditor/textures/male_ao.uasset" 315
"../../../../MeNIsaac/RogueLikeFinal/Content/AI/Redditor/textures/face.uasset" 316
"../../../../MeNIsaac/RogueLikeFinal/Content/AI/Redditor/T-Pose_Skeleton.uasset" 317
"../../../../MeNIsaac/RogueLikeFinal/Content/AI/Redditor/T-Pose.uasset" 318
"../../../../MeNIsaac/RogueLikeFinal/Content/AI/Redditor/BossHealthbar.uasset" 319
"../../../../MeNIsaac/RogueLikeFinal/Content/AI/animations/Jump_From_Stand.uasset" 320
"../../../../MeNIsaac/RogueLikeFinal/Content/AI/animations/Jump_From_Jog.uasset" 321
"../../../../MeNIsaac/RogueLikeFinal/Content/AI/animations/Idle_Rifle_Hip.uasset" 322
"../../../../MeNIsaac/RogueLikeFinal/Content/AI/animations/Crouch_Idle_Rifle_Hip.uasset" 323
"../../../../MeNIsaac/RogueLikeFinal/Content/AI/animations/Jog_Rt_Rifle.uasset" 324
"../../../../MeNIsaac/RogueLikeFinal/Content/AI/animations/Jog_Lt_Rifle.uasset" 325
"../../../../MeNIsaac/RogueLikeFinal/Content/AI/animations/Jog_Fwd_Rifle.uasset" 326
"../../../../MeNIsaac/RogueLikeFinal/Content/AI/animations/Jog_Bwd_Rifle.uasset" 327
"../../../../MeNIsaac/RogueLikeFinal/Content/AI/animations/BS_Jog.uasset" 328
"../../../../MeNIsaac/RogueLikeFinal/Content/AI/animations/Crouch_Walk_Rt_Rifle_Hip.uasset" 329
"../../../../MeNIsaac/RogueLikeFinal/Content/AI/animations/Crouch_Walk_Lt_Rifle_Hip.uasset" 330
"../../../../MeNIsaac/RogueLikeFinal/Content/AI/animations/Crouch_Walk_Fwd_Rifle_Hip.uasset" 331
"../../../../MeNIsaac/RogueLikeFinal/Content/AI/animations/Crouch_Walk_Bwd_Rifle_Hip.uasset" 332
"../../../../MeNIsaac/RogueLikeFinal/Content/AI/animations/BS_CrouchWalk.uasset" 333
"../../../../MeNIsaac/RogueLikeFinal/Content/Idle_Pistol.uasset" 334
"../../../../MeNIsaac/RogueLikeFinal/Content/AI/animations/UE4ASP_HeroTPP_AnimBlueprint.uasset" 335
"../../../../MeNIsaac/RogueLikeFinal/Content/AI/animations/Equip_Pistol_Standing.uasset" 336
"../../../../MeNIsaac/RogueLikeFinal/Content/AI/animations/DashMontage.uasset" 337
"../../../../MeNIsaac/RogueLikeFinal/Content/testModels/pickups/DamagePickup.uasset" 338
"../../../../MeNIsaac/RogueLikeFinal/Content/testModels/pickups/DamagePickup_BP.uasset" 339
"../../../../MeNIsaac/RogueLikeFinal/Content/testModels/pickups/HealthPickup.uasset" 340
"../../../../MeNIsaac/RogueLikeFinal/Content/testModels/pickups/HealthPickup_BP.uasset" 341
"../../../../MeNIsaac/RogueLikeFinal/Content/AI/Redditor/AI_Boss.uasset" 342
"../../../../MeNIsaac/RogueLikeFinal/Content/AI/Tasks/DashAtPlayer.uasset" 343
"../../../../MeNIsaac/RogueLikeFinal/Content/AI/EnemyType.uasset" 344
"../../../../MeNIsaac/RogueLikeFinal/Content/AI/Tasks/AI_Shoot_Service.uasset" 345
"../../../../MeNIsaac/RogueLikeFinal/Content/AI/NPC_BlackBoard.uasset" 346
"../../../../MeNIsaac/RogueLikeFinal/Content/AI/NPC_BehaviourTree.uasset" 347
"../../../../MeNIsaac/RogueLikeFinal/Content/AI/AI_Controller.uasset" 348
"../../../Engine/Content/EngineMaterials/BlueNoise.uasset" 349
"../../../Engine/Content/Functions/Engine_MaterialFunctions02/Utility/BreakOutFloat2Components.uasset" 350
"../../../Engine/Content/Functions/Engine_MaterialFunctions02/ScreenResolution.uasset" 351
"../../../Engine/Content/Functions/Engine_MaterialFunctions01/Texturing/ScaleUVsByCenter.uasset" 352
"../../../Engine/Content/Functions/Engine_MaterialFunctions02/Texturing/ScreenAlignedUVs.uasset" 353
"../../../../MeNIsaac/RogueLikeFinal/Content/AI/AIMaterial/AIGlow.uasset" 354
"../../../../MeNIsaac/RogueLikeFinal/Content/AI/AIMaterial/GlowParams.uasset" 355
"../../../../MeNIsaac/RogueLikeFinal/Content/AI/AI_Character.uasset" 356
"../../../../MeNIsaac/RogueLikeFinal/Content/FirstPersonBP/Blueprints/FirstPersonCharacter.uasset" 357
"../../../../MeNIsaac/RogueLikeFinal/Content/FirstPersonBP/Blueprints/FirstPersonGameMode.uasset" 358
"../../../../MeNIsaac/RogueLikeFinal/Content/testModels/test_arms_PhysicsAsset.uasset" 359
"../../../../MeNIsaac/RogueLikeFinal/Content/testModels/textures/test_arms_test_arms_OcclusionRoughnessMetallic.uasset" 360
"../../../../MeNIsaac/RogueLikeFinal/Content/testModels/textures/test_arms_test_arms_Normal.uasset" 361
"../../../../MeNIsaac/RogueLikeFinal/Content/testModels/textures/test_arms_test_arms_Emissive.uasset" 362
"../../../../MeNIsaac/RogueLikeFinal/Content/testModels/textures/test_arms_test_arms_BaseColor.uasset" 363
"../../../../MeNIsaac/RogueLikeFinal/Content/testModels/test_arms1.uasset" 364
"../../../../MeNIsaac/RogueLikeFinal/Content/testModels/test_arms.uasset" 365
"../../../Engine/Content/ArtTools/RenderToTexture/Meshes/S_1_Unit_Plane.uasset" 366
"../../../Engine/Content/BasicShapes/Cone.uasset" 367
"../../../Engine/Content/BasicShapes/Plane.uasset" 368
"../../../Engine/Content/EditorLandscapeResources/DataLayer.uasset" 369
"../../../Engine/Content/EditorLandscapeResources/DefaultAlphaTexture.uasset" 370
"../../../Engine/Content/EditorMaterials/MAT_Groups_Toggle.uasset" 371
"../../../Engine/Content/EditorMaterials/MAT_Groups_Visibility.uasset" 372
"../../../Engine/Content/EditorMaterials/PreviewShadowIndicator.uasset" 373
"../../../Engine/Content/EditorMaterials/PreviewShadowIndicatorMaterial.uasset" 374
"../../../Engine/Content/EditorMaterials/MatineeGroups/MAT_ColorTrack.uasset" 375
"../../../Engine/Content/EditorMaterials/MatineeGroups/MAT_Groups_Anim.uasset" 376
"../../../Engine/Content/EditorMaterials/MatineeGroups/MAT_Groups_AudioMaster.uasset" 377
"../../../Engine/Content/EditorMaterials/MatineeGroups/MAT_Groups_Director.uasset" 378
"../../../Engine/Content/EditorMaterials/MatineeGroups/MAT_Groups_Event.uasset" 379
"../../../Engine/Content/EditorMaterials/MatineeGroups/MAT_Groups_Fade.uasset" 380
"../../../Engine/Content/EditorMaterials/MatineeGroups/MAT_Groups_Float.uasset" 381
"../../../Engine/Content/EditorMaterials/MatineeGroups/MAT_Groups_Move.uasset" 382
"../../../Engine/Content/EditorMaterials/MatineeGroups/MAT_Groups_Slomo.uasset" 383
"../../../Engine/Content/EditorMaterials/MatineeGroups/MAT_Groups_Sound.uasset" 384
"../../../Engine/Content/EditorMaterials/MatineeGroups/MAT_Groups_Vector.uasset" 385
"../../../Engine/Content/EditorMaterials/ParticleSystems/PSysThumbnail_NoImage.uasset" 386
"../../../Engine/Content/EditorMaterials/ParticleSystems/PSysThumbnail_OOD.uasset" 387
"../../../Engine/Content/EditorMaterials/Camera/CineMat.uasset" 388
"../../../Engine/Content/EditorMaterials/Camera/MI_CineMat_Rig.uasset" 389
"../../../Engine/Content/EditorMeshes/Camera/SM_CraneRig_Arm.uasset" 390
"../../../Engine/Content/EditorMeshes/Camera/SM_CraneRig_Base.uasset" 391
"../../../Engine/Content/EditorMeshes/Camera/SM_CraneRig_Body.uasset" 392
"../../../Engine/Content/EditorMeshes/Camera/SM_CraneRig_Mount.uasset" 393
"../../../Engine/Content/EditorMeshes/Camera/SM_RailRig_Mount.uasset" 394
"../../../Engine/Content/EditorMeshes/Camera/SM_RailRig_Track.uasset" 395
"../../../Engine/Content/EditorResources/BSPVertex.uasset" 396
"../../../Engine/Content/EditorResources/EmptyActor.uasset" 397
"../../../Engine/Content/EditorResources/S_Actor.uasset" 398
"../../../Engine/Content/EditorResources/S_Note.uasset" 399
"../../../Engine/Content/EditorResources/S_Solver.uasset" 400
"../../../Engine/Content/EditorResources/S_Terrain.uasset" 401
"../../../Engine/Content/EditorResources/S_Trigger.uasset" 402
"../../../Engine/Content/EditorResources/AudioIcons/S_AudioComponent_AutoActivate.uasset" 403
"../../../Engine/Content/EditorResources/LightIcons/S_LightError.uasset" 404
"../../../Engine/Content/EditorResources/SequenceRecorder/Countdown.uasset" 405
"../../../Engine/Content/EditorResources/SequenceRecorder/RecordingIndicator.uasset" 406
"../../../Engine/Content/EngineDamageTypes/DmgTypeBP_Environmental.uasset" 407
"../../../Engine/Content/EngineDebugMaterials/DebugEditorMaterial.uasset" 408
"../../../Engine/Content/EngineDebugMaterials/DebugMeshMaterial.uasset" 409
"../../../Engine/Content/EngineDebugMaterials/M_SimpleUnlitTranslucent.uasset" 410
"../../../Engine/Content/EngineDebugMaterials/VolumeToRender.uasset" 411
"../../../Engine/Content/Functions/Engine_MaterialFunctions02/Utility/CameraDirectionVector.uasset" 412
"../../../Engine/Content/EngineDebugMaterials/M_VolumeRenderSphereTracePP.uasset" 413
"../../../Engine/Content/Functions/Engine_MaterialFunctions01/Shading/ConvertFromDiffSpec.uasset" 414
"../../../Engine/Content/EngineDebugMaterials/VertexColorMaterial.uasset" 415
"../../../Engine/Content/EngineDebugMaterials/WireframeMaterial.uasset" 416
"../../../Engine/Content/EngineFonts/Faces/RobotoRegular.uasset" 417
"../../../Engine/Content/EngineFonts/Faces/RobotoLight.uasset" 418
"../../../Engine/Content/EngineFonts/Faces/RobotoItalic.uasset" 419
"../../../Engine/Content/EngineFonts/Faces/RobotoBoldItalic.uasset" 420
"../../../Engine/Content/EngineFonts/Faces/RobotoBold.uasset" 421
"../../../Engine/Content/EngineFonts/Faces/DroidSansFallback.uasset" 422
"../../../Engine/Content/EngineFonts/Roboto.uasset" 423
"../../../Engine/Content/EngineMaterials/BaseFlattenNormalMap.uasset" 424
"../../../Engine/Content/EngineMaterials/BaseFlattenGrayscaleMap.uasset" 425
"../../../Engine/Content/EngineMaterials/BaseFlattenEmissiveMap.uasset" 426
"../../../Engine/Content/EngineMaterials/BaseFlattenDiffuseMap.uasset" 427
"../../../Engine/Content/EngineMaterials/BaseFlattenMaterial.uasset" 428
"../../../Engine/Content/EngineMaterials/DefaultBloomKernel.uasset" 429
"../../../Engine/Content/EngineMaterials/DefaultBokeh.uasset" 430
"../../../Engine/Content/EngineMaterials/DefaultDeferredDecalMaterial.uasset" 431
"../../../Engine/Content/EngineMaterials/DefaultLightFunctionMaterial.uasset" 432
"../../../Engine/Content/EngineMaterials/DefaultPhysicalMaterial.uasset" 433
"../../../Engine/Content/EngineMaterials/DefaultPostProcessMaterial.uasset" 434
"../../../Engine/Content/EngineFonts/RobotoDistanceField.uasset" 435
"../../../Engine/Content/EngineMaterials/DefaultTextMaterialOpaque.uasset" 436
"../../../Engine/Content/EngineMaterials/DefaultWhiteGrid.uasset" 437
"../../../Engine/Content/EngineMaterials/DefaultWhiteGrid_Low.uasset" 438
"../../../Engine/Content/EngineMaterials/EmissiveMeshMaterial.uasset" 439
"../../../Engine/Content/EngineMaterials/GizmoMaterial.uasset" 440
"../../../Engine/Content/EngineMaterials/Good64x64TilingNoiseHighFreq.uasset" 441
"../../../Engine/Content/EngineMaterials/MiniFont.uasset" 442
"../../../Engine/Content/EngineMaterials/InvalidLightmapSettings.uasset" 443
"../../../Engine/Content/EngineMaterials/M_InvalidLightmapSettings.uasset" 444
"../../../Engine/Content/Functions/Engine_MaterialFunctions02/WorldPositionOffset/CameraOffset.uasset" 445
"../../../Engine/Content/EngineMaterials/PhAT_JointLimitMaterial.uasset" 446
"../../../Engine/Content/EngineMaterials/PreintegratedSkinBRDF.uasset" 447
"../../../Engine/Content/EngineMaterials/RemoveSurfaceMaterial.uasset" 448
"../../../Engine/Content/EngineMaterials/WeightMapPlaceholderTexture.uasset" 449
"../../../Engine/Content/EngineResources/WhiteSquareTexture.uasset" 450
"../../../Engine/Content/EngineMaterials/Widget3DPassThrough.uasset" 451
"../../../Engine/Content/EngineMaterials/Widget3DPassThrough_Masked.uasset" 452
"../../../Engine/Content/EngineMaterials/Widget3DPassThrough_Opaque.uasset" 453
"../../../Engine/Content/EngineMaterials/Widget3DPassThrough_Masked_OneSided.uasset" 454
"../../../Engine/Content/EngineMaterials/Widget3DPassThrough_Opaque_OneSided.uasset" 455
"../../../Engine/Content/EngineMaterials/Widget3DPassThrough_Translucent.uasset" 456
"../../../Engine/Content/EngineMaterials/Widget3DPassThrough_Translucent_OneSided.uasset" 457
"../../../Engine/Content/EngineMeshes/Cylinder.uasset" 458
"../../../Engine/Content/EngineMeshes/Sphere.uasset" 459
"../../../Engine/Content/EngineResources/DefaultTextureCube.uasset" 460
"../../../Engine/Content/EngineResources/DefaultVolumeTexture2D.uasset" 461
"../../../Engine/Content/EngineResources/DefaultVolumeTexture.uasset" 462
"../../../Engine/Content/EngineResources/GradientTexture0.uasset" 463
"../../../Engine/Content/EngineSky/VolumetricClouds/T_NoiseShape64.uasset" 464
"../../../Engine/Content/EngineSky/VolumetricClouds/T_VolumeNoiseShape64.uasset" 465
"../../../Engine/Content/EngineSky/VolumetricClouds/T_NoiseErosion.uasset" 466
"../../../Engine/Content/EngineSky/VolumetricClouds/T_VolumeNoiseErosion32.uasset" 467
"../../../Engine/Content/EngineSky/VolumetricClouds/CloudWeatherTexture.uasset" 468
"../../../Engine/Content/EngineSky/VolumetricClouds/CloudGradientTexture.uasset" 469
"../../../Engine/Content/Functions/Engine_MaterialFunctions02/Utility/MakeFloat2.uasset" 470
"../../../Engine/Content/EngineSky/VolumetricClouds/m_SimpleVolumetricCloud.uasset" 471
"../../../Engine/Content/EngineSky/VolumetricClouds/m_SimpleVolumetricCloud_Inst.uasset" 472
"../../../Engine/Content/EngineSounds/Master.uasset" 473
"../../../Engine/Content/Functions/Engine_MaterialFunctions01/Shading/PowerToRoughness.uasset" 474
"../../../Engine/Content/Maps/Templates/Thumbnails/Default.uasset" 475
"../../../Engine/Content/Maps/Templates/Thumbnails/TimeOfDay.uasset" 476
"../../../Engine/Content/Maps/Templates/Thumbnails/VR-Basic.uasset" 477
"../../../Engine/Content/MobileResources/T_MobileControls_texture.uasset" 478
"../../../Engine/Content/MobileResources/T_MobileMenu2.uasset" 479
"../../../Engine/Content/MobileResources/HUD/AnalogHat.uasset" 480
"../../../Engine/Content/MobileResources/HUD/VirtualJoystick_Thumb.uasset" 481
"../../../Engine/Content/MobileResources/HUD/VirtualJoystick_Background.uasset" 482
"../../../Engine/Content/MobileResources/HUD/DefaultVirtualJoysticks.uasset" 483
"../../../Engine/Content/MobileResources/HUD/LeftVirtualJoystickOnly.uasset" 484
"../../../Engine/Content/MobileResources/HUD/MobileHUDButton1_off.uasset" 485
"../../../Engine/Content/MobileResources/HUD/MobileHUDButton1_on.uasset" 486
"../../../Engine/Content/MobileResources/HUD/MobileHUDButton2_off.uasset" 487
"../../../Engine/Content/MobileResources/HUD/MobileHUDButton2_on.uasset" 488
"../../../Engine/Content/MobileResources/HUD/MobileHUDButton3.uasset" 489
"../../../Engine/Content/MobileResources/HUD/MobileHUDButtonFire.uasset" 490
"../../../Engine/Content/MobileResources/HUD/MobileHUDDirectionPad.uasset" 491
"../../../Engine/Content/MobileResources/HUD/MobileHUDDirectionPad2.uasset" 492
"../../../Engine/Content/MobileResources/HUD/MobileHUDDirectionPad3.uasset" 493
"../../../Engine/Content/MobileResources/HUD/MobileHUDDirectionStick.uasset" 494
"../../../Engine/Content/MobileResources/HUD/T_Castle_ThumbstickInner.uasset" 495
"../../../Engine/Content/MobileResources/HUD/T_Castle_ThumbstickOutter.uasset" 496
"../../../Engine/Content/Tutorial/ContentIntroCurve.uasset" 497
"../../../Engine/Content/Tutorial/Basics/LevelEditorAttract.uasset" 498
"../../../Engine/Content/Tutorial/BlueprintTutorials/TutorialAssets/Blueprint_64x.uasset" 499
"../../../Engine/Content/Tutorial/BlueprintTutorials/BlueprintEditorTutorial.uasset" 500
"../../../Engine/Content/VREditor/TransformGizmo/TranslucentTransformGizmoMaterial.uasset" 501
"../../../Engine/Content/VREditor/LaserPointer/VR_LaserPower_01.uasset" 502
"../../../Engine/Content/VREditor/TransformGizmo/TransformGizmoMaterial.uasset" 503
"../../../Engine/Content/VREditor/TransformGizmo/BoundingBoxCorner.uasset" 504
"../../../Engine/Content/VREditor/TransformGizmo/BoundingBoxEdge.uasset" 505
"../../../Engine/Content/VREditor/TransformGizmo/PlaneTranslationHandle.uasset" 506
"../../../Engine/Content/VREditor/TransformGizmo/Xray.uasset" 507
"../../../Engine/Content/VREditor/TransformGizmo/Main.uasset" 508
"../../../Engine/Content/VREditor/TransformGizmo/SM_Sequencer_Key.uasset" 509
"../../../Engine/Content/VREditor/TransformGizmo/SM_Sequencer_Node.uasset" 510
"../../Plugins/2D/Paper2D/Content/PlaceholderTextures/DummySpriteTexture.uasset" 511
"../../Plugins/2D/Paper2D/Content/DummySprite.uasset" 512
"../../Plugins/2D/Paper2D/Content/DefaultPaperTerrainMaterial.uasset" 513
"../../Plugins/2D/Paper2D/Content/DefaultSpriteMaterial.uasset" 514
"../../Plugins/2D/Paper2D/Content/MaskedUnlitSpriteMaterial.uasset" 515
"../../Plugins/2D/Paper2D/Content/OpaqueUnlitSpriteMaterial.uasset" 516
"../../../Engine/Content/Functions/Engine_MaterialFunctions02/Utility/BreakOutFloat3Components.uasset" 517
"../../Plugins/Editor/SpeedTreeImporter/Content/SpeedTree9/UnpackInteger3.uasset" 518
"../../Plugins/Editor/SpeedTreeImporter/Content/SpeedTree9/UnpackDirection.uasset" 519
"../../Plugins/Editor/SpeedTreeImporter/Content/SpeedTree9/game_wind_noise.uasset" 520
"../../../Engine/Content/Functions/Engine_MaterialFunctions02/SafeNormalize.uasset" 521
"../../Plugins/Editor/SpeedTreeImporter/Content/SpeedTree9/SpeedTreeWindMotion.uasset" 522
"../../Plugins/Editor/SpeedTreeImporter/Content/SpeedTree9/SpeedTreeBranchMotion.uasset" 523
"../../../Engine/Content/Functions/Engine_MaterialFunctions02/ObjectLocalBounds.uasset" 524
"../../../Engine/Content/Functions/Engine_MaterialFunctions02/UVs/BoundingBoxBased_0-1_UVW.uasset" 525
"../../Plugins/Editor/SpeedTreeImporter/Content/SpeedTree9/SpeedTreeWind.uasset" 526
"../../Plugins/Editor/SpeedTreeImporter/Content/SpeedTree9/SpeedTreeBillboard.uasset" 527
"../../../Engine/Content/EngineResources/DefaultTexture.uasset" 528
"../../Plugins/Editor/SpeedTreeImporter/Content/SpeedTree9/SpeedTreeBillboardMaster.uasset" 529
"../../Plugins/Editor/SpeedTreeImporter/Content/SpeedTree9/SpeedTreeCameraFacing.uasset" 530
"../../Plugins/Editor/SpeedTreeImporter/Content/SpeedTree9/SpeedTreeMaster.uasset" 531
"../../../Engine/Content/BasicShapes/Cylinder.uasset" 532
"../../../Engine/Content/ArtTools/RenderToTexture/Materials/Debug/M_Emissive_Color.uasset" 533
"../../Plugins/Lumin/MagicLeapPassableWorld/Content/MagicLeapARPinInfoActor.uasset" 534
"../../../Engine/Content/Functions/Engine_MaterialFunctions02/Utility/BreakOutFloat4Components.uasset" 535
"../../../Engine/Content/Functions/Engine_MaterialFunctions02/Utility/MakeFloat3.uasset" 536
"../../Plugins/Runtime/Oculus/OculusVR/Content/Materials/OculusMR_ChromaKey.uasset" 537
"../../Plugins/Runtime/Oculus/OculusVR/Content/Materials/OculusMR_OpaqueColoredMaterial.uasset" 538
"../../Plugins/Runtime/Oculus/OculusVR/Content/Materials/PokeAHoleMaterial.uasset" 539
"../../../../MeNIsaac/RogueLikeFinal/Content/BossArena_BuiltData.uasset" 540
"../../../Engine/Content/EngineSky/T_Sky_Blue.uasset" 541
"../../../Engine/Content/EngineSky/T_Sky_Clouds_M.uasset" 542
"../../../Engine/Content/EngineSky/T_Sky_Stars.uasset" 543
"../../../Engine/Content/EngineSky/M_Sky_Panning_Clouds2.uasset" 544
"../../../../MeNIsaac/RogueLikeFinal/Content/Materials/LevelMaterials/Textures/buildingTile/plnae_None_OcclusionRoughnessMetallic.uasset" 545
"../../../../MeNIsaac/RogueLikeFinal/Content/Materials/LevelMaterials/Textures/buildingTile/plnae_None_Normal.uasset" 546
"../../../../MeNIsaac/RogueLikeFinal/Content/Materials/LevelMaterials/Textures/buildingTile/plnae_None_Emissive.uasset" 547
"../../../../MeNIsaac/RogueLikeFinal/Content/Materials/LevelMaterials/Textures/buildingTile/plnae_None_BaseColor.uasset" 548
"../../../Engine/Content/EngineResources/Black.uasset" 549
"../../../Engine/Content/EngineMaterials/DefaultNormal.uasset" 550
"../../../Engine/Content/Functions/Engine_MaterialFunctions02/Utility/VectorLength.uasset" 551
"../../../Engine/Content/Functions/Engine_MaterialFunctions02/WorldPositionOffset/ObjectScale.uasset" 552
"../../../Engine/Content/Functions/Engine_MaterialFunctions02/Utility/Sign.uasset" 553
"../../../Engine/Content/Functions/Engine_MaterialFunctions02/Utility/Round.uasset" 554
"../../../../MeNIsaac/RogueLikeFinal/Content/SuperGrid/StarterPack/Materials/Functions/UV/UV_ObjectScalable.uasset" 555
"../../../../MeNIsaac/RogueLikeFinal/Content/SuperGrid/StarterPack/Materials/Functions/UV/UV_SetupGrid.uasset" 556
"../../../Engine/Content/EngineMaterials/BlendFunc_DefBlend.uasset" 557
"../../../Engine/Content/EngineMaterials/BlendFunc_DefBase.uasset" 558
"../../../Engine/Content/Functions/Engine_MaterialFunctions03/Blends/Blend_Overlay.uasset" 559
"../../../../MeNIsaac/RogueLikeFinal/Content/Materials/LevelMaterials/LevelMaterialMaster.uasset" 560
"../../../../MeNIsaac/RogueLikeFinal/Content/Materials/LevelMaterials/BuildingTiles.uasset" 561
"../../../../MeNIsaac/RogueLikeFinal/Content/Materials/LevelMaterials/Textures/Floor/floortiles_OcclusionRoughnessMetallic.uasset" 562
"../../../../MeNIsaac/RogueLikeFinal/Content/Materials/LevelMaterials/Textures/Floor/floortiles_normal.uasset" 563
"../../../../MeNIsaac/RogueLikeFinal/Content/Materials/LevelMaterials/Textures/Floor/floortiles_emissive.uasset" 564
"../../../../MeNIsaac/RogueLikeFinal/Content/Materials/LevelMaterials/Textures/Floor/floortiles_basecolor.uasset" 565
"../../../../MeNIsaac/RogueLikeFinal/Content/Materials/LevelMaterials/FloorTiles.uasset" 566
"../../../../MeNIsaac/RogueLikeFinal/Content/Materials/LevelMaterials/Textures/RegularWalls/plnae_None_OcclusionRoughnessMetallic.uasset" 567
"../../../../MeNIsaac/RogueLikeFinal/Content/Materials/LevelMaterials/Textures/RegularWalls/plnae_None_Normal.uasset" 568
"../../../../MeNIsaac/RogueLikeFinal/Content/Materials/LevelMaterials/Textures/RegularWalls/plnae_None_BaseColor.uasset" 569
"../../../../MeNIsaac/RogueLikeFinal/Content/Materials/LevelMaterials/RegularWalls.uasset" 570
"../../../../MeNIsaac/RogueLikeFinal/Content/Materials/Pillars.uasset" 571
"../../../../MeNIsaac/RogueLikeFinal/Content/Audio/Ambient/Sci_Fi_Ambiences_-_Roaches.uasset" 572
"../../../../MeNIsaac/RogueLikeFinal/Content/Audio/Ambient/Sci_Fi_Ambiences_-_Other_World.uasset" 573
"../../../../MeNIsaac/RogueLikeFinal/Content/Audio/Ambient/Sci_Fi_Ambiences_-_Heaven.uasset" 574
"../../../../MeNIsaac/RogueLikeFinal/Content/Audio/Ambient/AmbientSounds.uasset" 575
"../../../../MeNIsaac/RogueLikeFinal/Content/SuperGrid/StarterPack/Source/Textures/T_BasicGrid_N.uasset" 576
"../../../../MeNIsaac/RogueLikeFinal/Content/SuperGrid/StarterPack/Materials/Functions/Basic/BreakSet.uasset" 577
"../../../../MeNIsaac/RogueLikeFinal/Content/SuperGrid/StarterPack/Materials/Functions/Texture/Dye_SingleColor.uasset" 578
"../../../../MeNIsaac/RogueLikeFinal/Content/SuperGrid/StarterPack/Source/Textures/T_BasicGrid_M.uasset" 579
"../../../../MeNIsaac/RogueLikeFinal/Content/SuperGrid/StarterPack/Materials/Functions/Texture/Tex_SimpleGrid.uasset" 580
"../../../../MeNIsaac/RogueLikeFinal/Content/SuperGrid/StarterPack/Materials/Functions/Basic/Roughness.uasset" 581
"../../../../MeNIsaac/RogueLikeFinal/Content/SuperGrid/StarterPack/Materials/Functions/Basic/MakeSet.uasset" 582
"../../../../MeNIsaac/RogueLikeFinal/Content/SuperGrid/StarterPack/Materials/Base/M_SuperGrid_SingleColor.uasset" 583
"../../../../MeNIsaac/RogueLikeFinal/Content/SuperGrid/StarterPack/Materials/Palette/Grids/M_SuperGrid_Default.uasset" 584
"../../../../MeNIsaac/RogueLikeFinal/Content/SuperGrid/StarterPack/Source/Meshes/SuperGrid_CylinderFull.uasset" 585
"../../../../MeNIsaac/RogueLikeFinal/Content/SuperGrid/StarterPack/Source/Meshes/SuperGrid_Hexagon.uasset" 586
"../../../../MeNIsaac/RogueLikeFinal/Content/SuperGrid/StarterPack/Source/Meshes/SuperGrid_Stairs.uasset" 587
"../../../../MeNIsaac/RogueLikeFinal/Content/testModels/PLatforms/DirtMaskTextureExample.uasset" 588
"../../../../MeNIsaac/RogueLikeFinal/Content/Gun_VFX/Niagara_FX/Muzzle_Flashes/SpawnerDestroyed.uasset" 589
"../../../Engine/Content/BasicShapes/BasicShapeMaterial.uasset" 590
"../../../../MeNIsaac/RogueLikeFinal/Content/Battledome/door.uasset" 591
"../../../../MeNIsaac/RogueLikeFinal/Content/Battledome/battle_dome_door_Circle_008.uasset" 592
"../../../../MeNIsaac/RogueLikeFinal/Content/Battledome/frame.uasset" 593
"../../../../MeNIsaac/RogueLikeFinal/Content/Battledome/battle_dome_door_Circle_005.uasset" 594
"../../../../MeNIsaac/RogueLikeFinal/Content/Battledome/battle_dome_door_Circle_004.uasset" 595
"../../../../MeNIsaac/RogueLikeFinal/Content/Battledome/battledome_collision.uasset" 596
"../../../../MeNIsaac/RogueLikeFinal/Content/StarterContent/Textures/T_Tech_Hex_Tile_M.uasset" 597
"../../../Engine/Content/Functions/Engine_MaterialFunctions03/Blends/Blend_Screen.uasset" 598
"../../../../MeNIsaac/RogueLikeFinal/Content/Battledome/Domematerial.uasset" 599
"../../../../MeNIsaac/RogueLikeFinal/Content/Battledome/battledome.uasset" 600
"../../../../MeNIsaac/RogueLikeFinal/Content/Battledome/BattleDome_BP.uasset" 601
"../../../../MeNIsaac/RogueLikeFinal/Content/Battledome/arena_door_bp.uasset" 602
"../../../../MeNIsaac/RogueLikeFinal/Content/AI/AISpawner/AISpawnHandler.uasset" 603
"../../../Engine/Content/EngineSky/SM_SkySphere.uasset" 604
"../../../Engine/Content/EngineSky/C_Sky_Zenith_Color.uasset" 605
"../../../Engine/Content/EngineSky/C_Sky_Horizon_Color.uasset" 606
"../../../Engine/Content/EngineSky/C_Sky_Cloud_Color.uasset" 607
"../../../Engine/Content/EngineSky/BP_Sky_Sphere.uasset" 608
"../../../../MeNIsaac/RogueLikeFinal/Content/BossArena.umap" 609
"../../../../MeNIsaac/RogueLikeFinal/Content/SuperGrid/TutorialLevel/MaterialInstances/M_PureBlack.uasset" 610
"../../../../MeNIsaac/RogueLikeFinal/Content/Materials/LevelMaterials/Textures/WallRunnable/RunnableWall_OcclusionRoughnessMetallic.uasset" 611
"../../../../MeNIsaac/RogueLikeFinal/Content/Materials/LevelMaterials/Textures/WallRunnable/RunnableWall_Normal.uasset" 612
"../../../../MeNIsaac/RogueLikeFinal/Content/Materials/LevelMaterials/Textures/WallRunnable/RunnableWall_Emissive.uasset" 613
"../../../../MeNIsaac/RogueLikeFinal/Content/Materials/LevelMaterials/Textures/WallRunnable/RunnableWall_BaseColor.uasset" 614
"../../../../MeNIsaac/RogueLikeFinal/Content/Materials/LevelMaterials/RunnableWalls.uasset" 615
"../../../../MeNIsaac/RogueLikeFinal/Content/SuperGrid/StarterPack/Source/Textures/T_StoneGrid_N.uasset" 616
"../../../../MeNIsaac/RogueLikeFinal/Content/SuperGrid/StarterPack/Source/Textures/T_StoneGrid_M.uasset" 617
"../../../../MeNIsaac/RogueLikeFinal/Content/SuperGrid/StarterPack/Source/Textures/T_DotGrid_N.uasset" 618
"../../../../MeNIsaac/RogueLikeFinal/Content/SuperGrid/StarterPack/Source/Textures/T_DotGrid_M.uasset" 619
"../../../../MeNIsaac/RogueLikeFinal/Content/SuperGrid/StarterPack/Materials/Functions/Texture/Dye_MultiColor.uasset" 620
"../../../Engine/Content/Functions/Engine_MaterialFunctions02/Utility/LinearSine.uasset" 621
"../../../../MeNIsaac/RogueLikeFinal/Content/SuperGrid/StarterPack/Materials/Base/M_SuperGrid_Glowing_MultiColor.uasset" 622
"../../../../MeNIsaac/RogueLikeFinal/Content/SuperGrid/StarterPack/Materials/Palette/Basic/M_SuperGrid_GlowingLava.uasset" 623
"../../../../MeNIsaac/RogueLikeFinal/Content/SuperGrid/StarterPack/Materials/Palette/Basic/M_SuperGrid_MetalDark.uasset" 624
"../../../../MeNIsaac/RogueLikeFinal/Content/SuperGrid/StarterPack/Materials/Palette/Basic/M_SuperGrid_MetalGlow.uasset" 625
"../../../../MeNIsaac/RogueLikeFinal/Content/SuperGrid/StarterPack/Source/Textures/T_ModernGrid_N.uasset" 626
"../../../../MeNIsaac/RogueLikeFinal/Content/SuperGrid/StarterPack/Source/Textures/T_ModernGrid_M.uasset" 627
"../../../../MeNIsaac/RogueLikeFinal/Content/SuperGrid/StarterPack/Materials/Palette/Grids/M_SuperGrid_BlackSheet.uasset" 628
"../../../../MeNIsaac/RogueLikeFinal/Content/SuperGrid/StarterPack/Materials/Palette/Grids/M_SuperGrid_Default_Shiny.uasset" 629
"../../../../MeNIsaac/RogueLikeFinal/Content/SuperGrid/StarterPack/Source/Textures/T_BasicGridW_M.uasset" 630
"../../../../MeNIsaac/RogueLikeFinal/Content/SuperGrid/StarterPack/Materials/Palette/Grids/M_SuperGrid_Walkable.uasset" 631
"../../../../MeNIsaac/RogueLikeFinal/Content/SuperGrid/StarterPack/Materials/Functions/UV/UV_CustomPanner.uasset" 632
"../../../Engine/Content/Functions/Engine_MaterialFunctions02/Utility/Sine_Remapped.uasset" 633
"../../../../MeNIsaac/RogueLikeFinal/Content/SuperGrid/StarterPack/Materials/Base/M_SuperGrid_Holographic.uasset" 634
"../../../../MeNIsaac/RogueLikeFinal/Content/SuperGrid/TutorialLevel/MaterialInstances/M_Tut_HoloB.uasset" 635
"../../../../MeNIsaac/RogueLikeFinal/Content/SuperGrid/TutorialLevel/Utility/Materials/M_Utility_Light.uasset" 636
"../../../../MeNIsaac/RogueLikeFinal/Content/SuperGrid/TutorialLevel/MaterialInstances/M_Tut_LightC.uasset" 637
"../../../../MeNIsaac/RogueLikeFinal/Content/SuperGrid/TutorialLevel/MaterialInstances/M_Tut_HoloD.uasset" 638
"../../../../MeNIsaac/RogueLikeFinal/Content/SuperGrid/StarterPack/Source/Meshes/SuperGrid_Box.uasset" 639
"../../../../MeNIsaac/RogueLikeFinal/Content/level_prototype_BuiltData.uasset" 640
"../../../../MeNIsaac/RogueLikeFinal/Content/SuperGrid/StarterPack/Source/Meshes/SuperGrid_BoxCentered.uasset" 641
"../../../../MeNIsaac/RogueLikeFinal/Content/SuperGrid/StarterPack/Blueprints/SuperGrid_DynamicStairs.uasset" 642
"../../../../MeNIsaac/RogueLikeFinal/Content/FirstPersonBP/Blueprints/Tutorial/TutorialTriggers.uasset" 643
"../../../../MeNIsaac/RogueLikeFinal/Content/level_prototype.umap" 644
"../../../../MeNIsaac/RogueLikeFinal/Content/Tutorial_BuiltData.uasset" 645
"../../../Engine/Content/BasicShapes/Cube.uasset" 646
"../../../../MeNIsaac/RogueLikeFinal/Content/AI/StaticTarget.uasset" 647
"../../../../MeNIsaac/RogueLikeFinal/Content/Tutorial.umap" 648
"../../../Engine/Content/Maps/Entry_BuiltData.uasset" 649
"../../../Engine/Content/Maps/Entry.umap" 650
